1633593360339	geckodriver	INFO	Listening on 127.0.0.1:64758
1633593363526	mozrunner::runner	INFO	Running command: "C:\\Program Files\\Mozilla Firefox\\firefox.exe" "--marionette" "-no-remote" "-profile" "C:\\Users\\glebt\\AppData\\Local\\Temp\\rust_mozprofileC0XNBp"
1633593364761	Marionette	INFO	Marionette enabled
console.warn: SearchSettings: "get: No settings file exists, new profile?" (new NotFoundError("Could not open the file at C:\\Users\\glebt\\AppData\\Local\\Temp\\rust_mozprofileC0XNBp\\search.json.mozlz4", (void 0)))
1633593368918	Marionette	INFO	Listening on port 64767
1633593369408	RemoteAgent	WARN	TLS certificate errors will be ignored for this session
JavaScript error: http://selenium1py.pythonanywhere.com/en-gb/, line 758: ReferenceError: oscar is not defined
JavaScript error: http://selenium1py.pythonanywhere.com/en-gb/accounts/login/, line 624: ReferenceError: oscar is not defined
1633593371459	Marionette	INFO	Stopped listening on port 64767
JavaScript error: resource:///modules/Interactions.jsm, line 230: NS_ERROR_FAILURE: Component returned failure code: 0x80004005 (NS_ERROR_FAILURE) [nsIUserIdleService.removeIdleObserver]
1633605781419	geckodriver	INFO	Listening on 127.0.0.1:57911
1633605784466	mozrunner::runner	INFO	Running command: "C:\\Program Files\\Mozilla Firefox\\firefox.exe" "--marionette" "-no-remote" "-profile" "C:\\Users\\glebt\\AppData\\Local\\Temp\\rust_mozprofileLq028O"
1633605785233	Marionette	INFO	Marionette enabled
console.warn: SearchSettings: "get: No settings file exists, new profile?" (new NotFoundError("Could not open the file at C:\\Users\\glebt\\AppData\\Local\\Temp\\rust_mozprofileLq028O\\search.json.mozlz4", (void 0)))
1633605787827	Marionette	INFO	Listening on port 57919
1633605788185	RemoteAgent	WARN	TLS certificate errors will be ignored for this session
JavaScript error: http://selenium1py.pythonanywhere.com/en-gb/, line 758: ReferenceError: oscar is not defined
JavaScript error: http://selenium1py.pythonanywhere.com/en-gb/accounts/login/, line 624: ReferenceError: oscar is not defined
1633605790009	Marionette	INFO	Stopped listening on port 57919
JavaScript error: resource:///modules/Interactions.jsm, line 230: NS_ERROR_FAILURE: Component returned failure code: 0x80004005 (NS_ERROR_FAILURE) [nsIUserIdleService.removeIdleObserver]
1633606532740	geckodriver	INFO	Listening on 127.0.0.1:63474
1633606535865	mozrunner::runner	INFO	Running command: "C:\\Program Files\\Mozilla Firefox\\firefox.exe" "--marionette" "-no-remote" "-profile" "C:\\Users\\glebt\\AppData\\Local\\Temp\\rust_mozprofileHRvmVZ"
1633606536609	Marionette	INFO	Marionette enabled
console.warn: SearchSettings: "get: No settings file exists, new profile?" (new NotFoundError("Could not open the file at C:\\Users\\glebt\\AppData\\Local\\Temp\\rust_mozprofileHRvmVZ\\search.json.mozlz4", (void 0)))
1633606539096	Marionette	INFO	Listening on port 63484
1633606539604	RemoteAgent	WARN	TLS certificate errors will be ignored for this session
JavaScript error: http://selenium1py.pythonanywhere.com/en-gb/, line 758: ReferenceError: oscar is not defined
JavaScript error: http://selenium1py.pythonanywhere.com/en-gb/accounts/login/, line 624: ReferenceError: oscar is not defined
1633606541297	Marionette	INFO	Stopped listening on port 63484
JavaScript error: resource:///modules/Interactions.jsm, line 230: NS_ERROR_FAILURE: Component returned failure code: 0x80004005 (NS_ERROR_FAILURE) [nsIUserIdleService.removeIdleObserver]
1633606541962	geckodriver	INFO	Listening on 127.0.0.1:65117
1633606545001	mozrunner::runner	INFO	Running command: "C:\\Program Files\\Mozilla Firefox\\firefox.exe" "--marionette" "-no-remote" "-profile" "C:\\Users\\glebt\\AppData\\Local\\Temp\\rust_mozprofileSHZyfU"
1633606545402	Marionette	INFO	Marionette enabled
console.warn: SearchSettings: "get: No settings file exists, new profile?" (new NotFoundError("Could not open the file at C:\\Users\\glebt\\AppData\\Local\\Temp\\rust_mozprofileSHZyfU\\search.json.mozlz4", (void 0)))
1633606547558	Marionette	INFO	Listening on port 53388
1633606547671	RemoteAgent	WARN	TLS certificate errors will be ignored for this session
JavaScript error: http://selenium1py.pythonanywhere.com/en-gb/, line 758: ReferenceError: oscar is not defined
1633606549146	Marionette	INFO	Stopped listening on port 53388
JavaScript error: resource:///modules/Interactions.jsm, line 230: NS_ERROR_FAILURE: Component returned failure code: 0x80004005 (NS_ERROR_FAILURE) [nsIUserIdleService.removeIdleObserver]

###!!! [Parent][RunMessage] Error: Channel closing: too late to send/recv, messages will be lost

1633607154842	geckodriver	INFO	Listening on 127.0.0.1:51489
1633607157914	mozrunner::runner	INFO	Running command: "C:\\Program Files\\Mozilla Firefox\\firefox.exe" "--marionette" "-no-remote" "-profile" "C:\\Users\\glebt\\AppData\\Local\\Temp\\rust_mozprofileFzx1hC"
1633607158464	Marionette	INFO	Marionette enabled
console.warn: SearchSettings: "get: No settings file exists, new profile?" (new NotFoundError("Could not open the file at C:\\Users\\glebt\\AppData\\Local\\Temp\\rust_mozprofileFzx1hC\\search.json.mozlz4", (void 0)))
1633607160998	Marionette	INFO	Listening on port 51497
1633607161108	RemoteAgent	WARN	TLS certificate errors will be ignored for this session
JavaScript error: http://selenium1py.pythonanywhere.com/en-gb/, line 758: ReferenceError: oscar is not defined
JavaScript error: http://selenium1py.pythonanywhere.com/en-gb/accounts/login/, line 624: ReferenceError: oscar is not defined
1633607163079	Marionette	INFO	Stopped listening on port 51497
JavaScript error: resource:///modules/Interactions.jsm, line 230: NS_ERROR_FAILURE: Component returned failure code: 0x80004005 (NS_ERROR_FAILURE) [nsIUserIdleService.removeIdleObserver]
1633607163705	geckodriver	INFO	Listening on 127.0.0.1:51535
1633607166770	mozrunner::runner	INFO	Running command: "C:\\Program Files\\Mozilla Firefox\\firefox.exe" "--marionette" "-no-remote" "-profile" "C:\\Users\\glebt\\AppData\\Local\\Temp\\rust_mozprofile59GBKN"
1633607167153	Marionette	INFO	Marionette enabled
console.warn: SearchSettings: "get: No settings file exists, new profile?" (new NotFoundError("Could not open the file at C:\\Users\\glebt\\AppData\\Local\\Temp\\rust_mozprofile59GBKN\\search.json.mozlz4", (void 0)))
1633607169510	Marionette	INFO	Listening on port 51543
1633607170001	RemoteAgent	WARN	TLS certificate errors will be ignored for this session
JavaScript error: http://selenium1py.pythonanywhere.com/en-gb/, line 758: ReferenceError: oscar is not defined
1633607181418	Marionette	INFO	Stopped listening on port 51543
JavaScript error: resource:///modules/Interactions.jsm, line 230: NS_ERROR_FAILURE: Component returned failure code: 0x80004005 (NS_ERROR_FAILURE) [nsIUserIdleService.removeIdleObserver]

###!!! [Parent][RunMessage] Error: Channel closing: too late to send/recv, messages will be lost

